2023-02-28 18:11:34,583 WARN util.NativeCodeLoader: Unable to load native-hadoop library for your platform... using builtin-java classes where applicable
2023-02-28 18:11:34,760 INFO impl.MetricsConfig: Loaded properties from hadoop-metrics2.properties
2023-02-28 18:11:34,874 INFO impl.MetricsSystemImpl: Scheduled Metric snapshot period at 10 second(s).
2023-02-28 18:11:34,874 INFO impl.MetricsSystemImpl: JobTracker metrics system started
2023-02-28 18:11:34,969 WARN mapreduce.JobResourceUploader: Hadoop command-line option parsing not performed. Implement the Tool interface and execute your application with ToolRunner to remedy this.
2023-02-28 18:11:35,074 INFO input.FileInputFormat: Total input files to process : 1
2023-02-28 18:11:35,087 INFO input.FileInputFormat: Total input files to process : 1
2023-02-28 18:11:35,164 INFO mapreduce.JobSubmitter: number of splits:2
2023-02-28 18:11:35,336 INFO mapreduce.JobSubmitter: Submitting tokens for job: job_local202831157_0001
2023-02-28 18:11:35,336 INFO mapreduce.JobSubmitter: Executing with tokens: []
2023-02-28 18:11:35,488 INFO mapreduce.Job: The url to track the job: http://localhost:8080/
2023-02-28 18:11:35,489 INFO mapred.LocalJobRunner: OutputCommitter set in config null
2023-02-28 18:11:35,489 INFO mapreduce.Job: Running job: job_local202831157_0001
2023-02-28 18:11:35,495 INFO output.FileOutputCommitter: File Output Committer Algorithm version is 2
2023-02-28 18:11:35,495 INFO output.FileOutputCommitter: FileOutputCommitter skip cleanup _temporary folders under output directory:false, ignore cleanup failures: false
2023-02-28 18:11:35,496 INFO mapred.LocalJobRunner: OutputCommitter is org.apache.hadoop.mapreduce.lib.output.FileOutputCommitter
2023-02-28 18:11:35,549 INFO mapred.LocalJobRunner: Waiting for map tasks
2023-02-28 18:11:35,550 INFO mapred.LocalJobRunner: Starting task: attempt_local202831157_0001_m_000000_0
2023-02-28 18:11:35,570 INFO output.FileOutputCommitter: File Output Committer Algorithm version is 2
2023-02-28 18:11:35,570 INFO output.FileOutputCommitter: FileOutputCommitter skip cleanup _temporary folders under output directory:false, ignore cleanup failures: false
2023-02-28 18:11:35,576 INFO util.ProcfsBasedProcessTree: ProcfsBasedProcessTree currently is supported only on Linux.
2023-02-28 18:11:35,576 INFO mapred.Task:  Using ResourceCalculatorProcessTree : null
2023-02-28 18:11:35,579 INFO mapred.MapTask: Processing split: file:/Users/meghanareddy/project2/M-matrix-small.txt:0+92
2023-02-28 18:11:35,610 INFO mapred.MapTask: (EQUATOR) 0 kvi 26214396(104857584)
2023-02-28 18:11:35,611 INFO mapred.MapTask: mapreduce.task.io.sort.mb: 100
2023-02-28 18:11:35,611 INFO mapred.MapTask: soft limit at 83886080
2023-02-28 18:11:35,611 INFO mapred.MapTask: bufstart = 0; bufvoid = 104857600
2023-02-28 18:11:35,611 INFO mapred.MapTask: kvstart = 26214396; length = 6553600
2023-02-28 18:11:35,614 INFO mapred.MapTask: Map output collector class = org.apache.hadoop.mapred.MapTask$MapOutputBuffer
2023-02-28 18:11:35,624 INFO mapred.LocalJobRunner: 
2023-02-28 18:11:35,624 INFO mapred.MapTask: Starting flush of map output
2023-02-28 18:11:35,624 INFO mapred.MapTask: Spilling map output
2023-02-28 18:11:35,624 INFO mapred.MapTask: bufstart = 0; bufend = 198; bufvoid = 104857600
2023-02-28 18:11:35,624 INFO mapred.MapTask: kvstart = 26214396(104857584); kvend = 26214356(104857424); length = 41/6553600
2023-02-28 18:11:35,655 INFO mapred.MapTask: Finished spill 0
2023-02-28 18:11:35,671 INFO mapred.Task: Task:attempt_local202831157_0001_m_000000_0 is done. And is in the process of committing
2023-02-28 18:11:35,673 INFO mapred.LocalJobRunner: map
2023-02-28 18:11:35,673 INFO mapred.Task: Task 'attempt_local202831157_0001_m_000000_0' done.
2023-02-28 18:11:35,676 INFO mapred.Task: Final Counters for attempt_local202831157_0001_m_000000_0: Counters: 17
	File System Counters
		FILE: Number of bytes read=10877
		FILE: Number of bytes written=560488
		FILE: Number of read operations=0
		FILE: Number of large read operations=0
		FILE: Number of write operations=0
	Map-Reduce Framework
		Map input records=11
		Map output records=11
		Map output bytes=198
		Map output materialized bytes=226
		Input split bytes=244
		Combine input records=0
		Spilled Records=11
		Failed Shuffles=0
		Merged Map outputs=0
		GC time elapsed (ms)=3
		Total committed heap usage (bytes)=203423744
	File Input Format Counters 
		Bytes Read=0
2023-02-28 18:11:35,676 INFO mapred.LocalJobRunner: Finishing task: attempt_local202831157_0001_m_000000_0
2023-02-28 18:11:35,677 INFO mapred.LocalJobRunner: Starting task: attempt_local202831157_0001_m_000001_0
2023-02-28 18:11:35,679 INFO output.FileOutputCommitter: File Output Committer Algorithm version is 2
2023-02-28 18:11:35,679 INFO output.FileOutputCommitter: FileOutputCommitter skip cleanup _temporary folders under output directory:false, ignore cleanup failures: false
2023-02-28 18:11:35,680 INFO util.ProcfsBasedProcessTree: ProcfsBasedProcessTree currently is supported only on Linux.
2023-02-28 18:11:35,681 INFO mapred.Task:  Using ResourceCalculatorProcessTree : null
2023-02-28 18:11:35,682 INFO mapred.MapTask: Processing split: file:/Users/meghanareddy/project2/N-matrix-small.txt:0+67
2023-02-28 18:11:35,697 INFO mapred.MapTask: (EQUATOR) 0 kvi 26214396(104857584)
2023-02-28 18:11:35,698 INFO mapred.MapTask: mapreduce.task.io.sort.mb: 100
2023-02-28 18:11:35,698 INFO mapred.MapTask: soft limit at 83886080
2023-02-28 18:11:35,698 INFO mapred.MapTask: bufstart = 0; bufvoid = 104857600
2023-02-28 18:11:35,698 INFO mapred.MapTask: kvstart = 26214396; length = 6553600
2023-02-28 18:11:35,699 INFO mapred.MapTask: Map output collector class = org.apache.hadoop.mapred.MapTask$MapOutputBuffer
2023-02-28 18:11:35,704 INFO mapred.LocalJobRunner: 
2023-02-28 18:11:35,704 INFO mapred.MapTask: Starting flush of map output
2023-02-28 18:11:35,704 INFO mapred.MapTask: Spilling map output
2023-02-28 18:11:35,704 INFO mapred.MapTask: bufstart = 0; bufend = 144; bufvoid = 104857600
2023-02-28 18:11:35,704 INFO mapred.MapTask: kvstart = 26214396(104857584); kvend = 26214368(104857472); length = 29/6553600
2023-02-28 18:11:35,722 INFO mapred.MapTask: Finished spill 0
2023-02-28 18:11:35,733 INFO mapred.Task: Task:attempt_local202831157_0001_m_000001_0 is done. And is in the process of committing
2023-02-28 18:11:35,735 INFO mapred.LocalJobRunner: map
2023-02-28 18:11:35,735 INFO mapred.Task: Task 'attempt_local202831157_0001_m_000001_0' done.
2023-02-28 18:11:35,736 INFO mapred.Task: Final Counters for attempt_local202831157_0001_m_000001_0: Counters: 17
	File System Counters
		FILE: Number of bytes read=11451
		FILE: Number of bytes written=560686
		FILE: Number of read operations=0
		FILE: Number of large read operations=0
		FILE: Number of write operations=0
	Map-Reduce Framework
		Map input records=8
		Map output records=8
		Map output bytes=144
		Map output materialized bytes=166
		Input split bytes=244
		Combine input records=0
		Spilled Records=8
		Failed Shuffles=0
		Merged Map outputs=0
		GC time elapsed (ms)=3
		Total committed heap usage (bytes)=203423744
	File Input Format Counters 
		Bytes Read=0
2023-02-28 18:11:35,736 INFO mapred.LocalJobRunner: Finishing task: attempt_local202831157_0001_m_000001_0
2023-02-28 18:11:35,736 INFO mapred.LocalJobRunner: map task executor complete.
2023-02-28 18:11:35,740 INFO mapred.LocalJobRunner: Waiting for reduce tasks
2023-02-28 18:11:35,741 INFO mapred.LocalJobRunner: Starting task: attempt_local202831157_0001_r_000000_0
2023-02-28 18:11:35,748 INFO output.FileOutputCommitter: File Output Committer Algorithm version is 2
2023-02-28 18:11:35,748 INFO output.FileOutputCommitter: FileOutputCommitter skip cleanup _temporary folders under output directory:false, ignore cleanup failures: false
2023-02-28 18:11:35,749 INFO util.ProcfsBasedProcessTree: ProcfsBasedProcessTree currently is supported only on Linux.
2023-02-28 18:11:35,749 INFO mapred.Task:  Using ResourceCalculatorProcessTree : null
2023-02-28 18:11:35,752 INFO mapred.ReduceTask: Using ShuffleConsumerPlugin: org.apache.hadoop.mapreduce.task.reduce.Shuffle@4c8db920
2023-02-28 18:11:35,754 WARN impl.MetricsSystemImpl: JobTracker metrics system already initialized!
2023-02-28 18:11:35,778 INFO reduce.MergeManagerImpl: MergerManager: memoryLimit=1503238528, maxSingleShuffleLimit=375809632, mergeThreshold=992137472, ioSortFactor=10, memToMemMergeOutputsThreshold=10
2023-02-28 18:11:35,781 INFO reduce.EventFetcher: attempt_local202831157_0001_r_000000_0 Thread started: EventFetcher for fetching Map Completion Events
2023-02-28 18:11:35,808 INFO reduce.LocalFetcher: localfetcher#1 about to shuffle output of map attempt_local202831157_0001_m_000001_0 decomp: 162 len: 166 to MEMORY
2023-02-28 18:11:35,809 INFO reduce.InMemoryMapOutput: Read 162 bytes from map-output for attempt_local202831157_0001_m_000001_0
2023-02-28 18:11:35,810 INFO reduce.MergeManagerImpl: closeInMemoryFile -> map-output of size: 162, inMemoryMapOutputs.size() -> 1, commitMemory -> 0, usedMemory ->162
2023-02-28 18:11:35,812 INFO reduce.LocalFetcher: localfetcher#1 about to shuffle output of map attempt_local202831157_0001_m_000000_0 decomp: 222 len: 226 to MEMORY
2023-02-28 18:11:35,812 INFO reduce.InMemoryMapOutput: Read 222 bytes from map-output for attempt_local202831157_0001_m_000000_0
2023-02-28 18:11:35,812 INFO reduce.MergeManagerImpl: closeInMemoryFile -> map-output of size: 222, inMemoryMapOutputs.size() -> 2, commitMemory -> 162, usedMemory ->384
2023-02-28 18:11:35,813 INFO reduce.EventFetcher: EventFetcher is interrupted.. Returning
2023-02-28 18:11:35,814 INFO mapred.LocalJobRunner: 2 / 2 copied.
2023-02-28 18:11:35,814 INFO reduce.MergeManagerImpl: finalMerge called with 2 in-memory map-outputs and 0 on-disk map-outputs
2023-02-28 18:11:35,827 INFO mapred.Merger: Merging 2 sorted segments
2023-02-28 18:11:35,827 INFO mapred.Merger: Down to the last merge-pass, with 2 segments left of total size: 372 bytes
2023-02-28 18:11:35,837 INFO reduce.MergeManagerImpl: Merged 2 segments, 384 bytes to disk to satisfy reduce memory limit
2023-02-28 18:11:35,838 INFO reduce.MergeManagerImpl: Merging 1 files, 386 bytes from disk
2023-02-28 18:11:35,839 INFO reduce.MergeManagerImpl: Merging 0 segments, 0 bytes from memory into reduce
2023-02-28 18:11:35,839 INFO mapred.Merger: Merging 1 sorted segments
2023-02-28 18:11:35,839 INFO mapred.Merger: Down to the last merge-pass, with 1 segments left of total size: 376 bytes
2023-02-28 18:11:35,841 INFO mapred.LocalJobRunner: 2 / 2 copied.
2023-02-28 18:11:35,876 INFO Configuration.deprecation: mapred.skip.on is deprecated. Instead, use mapreduce.job.skiprecords
2023-02-28 18:11:35,881 INFO mapred.Task: Task:attempt_local202831157_0001_r_000000_0 is done. And is in the process of committing
2023-02-28 18:11:35,882 INFO mapred.LocalJobRunner: 2 / 2 copied.
2023-02-28 18:11:35,882 INFO mapred.Task: Task attempt_local202831157_0001_r_000000_0 is allowed to commit now
2023-02-28 18:11:35,884 INFO output.FileOutputCommitter: Saved output of task 'attempt_local202831157_0001_r_000000_0' to file:/Users/meghanareddy/project2/tmp
2023-02-28 18:11:35,884 INFO mapred.LocalJobRunner: reduce > reduce
2023-02-28 18:11:35,885 INFO mapred.Task: Task 'attempt_local202831157_0001_r_000000_0' done.
2023-02-28 18:11:35,885 INFO mapred.Task: Final Counters for attempt_local202831157_0001_r_000000_0: Counters: 24
	File System Counters
		FILE: Number of bytes read=12293
		FILE: Number of bytes written=561344
		FILE: Number of read operations=0
		FILE: Number of large read operations=0
		FILE: Number of write operations=0
	Map-Reduce Framework
		Combine input records=0
		Combine output records=0
		Reduce input groups=3
		Reduce shuffle bytes=392
		Reduce input records=19
		Reduce output records=29
		Spilled Records=19
		Shuffled Maps =2
		Failed Shuffles=0
		Merged Map outputs=2
		GC time elapsed (ms)=0
		Total committed heap usage (bytes)=203423744
	Shuffle Errors
		BAD_ID=0
		CONNECTION=0
		IO_ERROR=0
		WRONG_LENGTH=0
		WRONG_MAP=0
		WRONG_REDUCE=0
	File Output Format Counters 
		Bytes Written=272
2023-02-28 18:11:35,885 INFO mapred.LocalJobRunner: Finishing task: attempt_local202831157_0001_r_000000_0
2023-02-28 18:11:35,886 INFO mapred.LocalJobRunner: reduce task executor complete.
2023-02-28 18:11:36,503 INFO mapreduce.Job: Job job_local202831157_0001 running in uber mode : false
2023-02-28 18:11:36,509 INFO mapreduce.Job:  map 100% reduce 100%
2023-02-28 18:11:36,512 INFO mapreduce.Job: Job job_local202831157_0001 completed successfully
2023-02-28 18:11:36,533 INFO mapreduce.Job: Counters: 30
	File System Counters
		FILE: Number of bytes read=34621
		FILE: Number of bytes written=1682518
		FILE: Number of read operations=0
		FILE: Number of large read operations=0
		FILE: Number of write operations=0
	Map-Reduce Framework
		Map input records=19
		Map output records=19
		Map output bytes=342
		Map output materialized bytes=392
		Input split bytes=488
		Combine input records=0
		Combine output records=0
		Reduce input groups=3
		Reduce shuffle bytes=392
		Reduce input records=19
		Reduce output records=29
		Spilled Records=38
		Shuffled Maps =2
		Failed Shuffles=0
		Merged Map outputs=2
		GC time elapsed (ms)=6
		Total committed heap usage (bytes)=610271232
	Shuffle Errors
		BAD_ID=0
		CONNECTION=0
		IO_ERROR=0
		WRONG_LENGTH=0
		WRONG_MAP=0
		WRONG_REDUCE=0
	File Input Format Counters 
		Bytes Read=0
	File Output Format Counters 
		Bytes Written=272
2023-02-28 18:11:36,558 WARN impl.MetricsSystemImpl: JobTracker metrics system already initialized!
2023-02-28 18:11:36,583 WARN mapreduce.JobResourceUploader: Hadoop command-line option parsing not performed. Implement the Tool interface and execute your application with ToolRunner to remedy this.
2023-02-28 18:11:36,661 INFO input.FileInputFormat: Total input files to process : 1
2023-02-28 18:11:36,729 INFO mapreduce.JobSubmitter: number of splits:1
2023-02-28 18:11:36,782 INFO mapreduce.JobSubmitter: Submitting tokens for job: job_local1831269919_0002
2023-02-28 18:11:36,782 INFO mapreduce.JobSubmitter: Executing with tokens: []
2023-02-28 18:11:36,870 INFO mapreduce.Job: The url to track the job: http://localhost:8080/
2023-02-28 18:11:36,870 INFO mapred.LocalJobRunner: OutputCommitter set in config null
2023-02-28 18:11:36,871 INFO output.FileOutputCommitter: File Output Committer Algorithm version is 2
2023-02-28 18:11:36,871 INFO mapreduce.Job: Running job: job_local1831269919_0002
2023-02-28 18:11:36,871 INFO output.FileOutputCommitter: FileOutputCommitter skip cleanup _temporary folders under output directory:false, ignore cleanup failures: false
2023-02-28 18:11:36,872 INFO mapred.LocalJobRunner: OutputCommitter is org.apache.hadoop.mapreduce.lib.output.FileOutputCommitter
2023-02-28 18:11:36,899 INFO mapred.LocalJobRunner: Waiting for map tasks
2023-02-28 18:11:36,899 INFO mapred.LocalJobRunner: Starting task: attempt_local1831269919_0002_m_000000_0
2023-02-28 18:11:36,900 INFO output.FileOutputCommitter: File Output Committer Algorithm version is 2
2023-02-28 18:11:36,900 INFO output.FileOutputCommitter: FileOutputCommitter skip cleanup _temporary folders under output directory:false, ignore cleanup failures: false
2023-02-28 18:11:36,901 INFO util.ProcfsBasedProcessTree: ProcfsBasedProcessTree currently is supported only on Linux.
2023-02-28 18:11:36,901 INFO mapred.Task:  Using ResourceCalculatorProcessTree : null
2023-02-28 18:11:36,903 INFO mapred.MapTask: Processing split: file:/Users/meghanareddy/project2/tmp/part-r-00000:0+260
2023-02-28 18:11:36,915 INFO mapred.MapTask: (EQUATOR) 0 kvi 26214396(104857584)
2023-02-28 18:11:36,915 INFO mapred.MapTask: mapreduce.task.io.sort.mb: 100
2023-02-28 18:11:36,915 INFO mapred.MapTask: soft limit at 83886080
2023-02-28 18:11:36,915 INFO mapred.MapTask: bufstart = 0; bufvoid = 104857600
2023-02-28 18:11:36,915 INFO mapred.MapTask: kvstart = 26214396; length = 6553600
2023-02-28 18:11:36,918 INFO mapred.MapTask: Map output collector class = org.apache.hadoop.mapred.MapTask$MapOutputBuffer
2023-02-28 18:11:36,923 INFO mapred.LocalJobRunner: 
2023-02-28 18:11:36,923 INFO mapred.MapTask: Starting flush of map output
2023-02-28 18:11:36,923 INFO mapred.MapTask: Spilling map output
2023-02-28 18:11:36,923 INFO mapred.MapTask: bufstart = 0; bufend = 464; bufvoid = 104857600
2023-02-28 18:11:36,923 INFO mapred.MapTask: kvstart = 26214396(104857584); kvend = 26214284(104857136); length = 113/6553600
2023-02-28 18:11:36,950 INFO mapred.MapTask: Finished spill 0
2023-02-28 18:11:36,960 INFO mapred.Task: Task:attempt_local1831269919_0002_m_000000_0 is done. And is in the process of committing
2023-02-28 18:11:36,962 INFO mapred.LocalJobRunner: map
2023-02-28 18:11:36,962 INFO mapred.Task: Task 'attempt_local1831269919_0002_m_000000_0' done.
2023-02-28 18:11:36,962 INFO mapred.Task: Final Counters for attempt_local1831269919_0002_m_000000_0: Counters: 17
	File System Counters
		FILE: Number of bytes read=22969
		FILE: Number of bytes written=1124328
		FILE: Number of read operations=0
		FILE: Number of large read operations=0
		FILE: Number of write operations=0
	Map-Reduce Framework
		Map input records=29
		Map output records=29
		Map output bytes=464
		Map output materialized bytes=528
		Input split bytes=115
		Combine input records=0
		Spilled Records=29
		Failed Shuffles=0
		Merged Map outputs=0
		GC time elapsed (ms)=3
		Total committed heap usage (bytes)=203423744
	File Input Format Counters 
		Bytes Read=276
2023-02-28 18:11:36,962 INFO mapred.LocalJobRunner: Finishing task: attempt_local1831269919_0002_m_000000_0
2023-02-28 18:11:36,962 INFO mapred.LocalJobRunner: map task executor complete.
2023-02-28 18:11:36,963 INFO mapred.LocalJobRunner: Waiting for reduce tasks
2023-02-28 18:11:36,963 INFO mapred.LocalJobRunner: Starting task: attempt_local1831269919_0002_r_000000_0
2023-02-28 18:11:36,964 INFO output.FileOutputCommitter: File Output Committer Algorithm version is 2
2023-02-28 18:11:36,964 INFO output.FileOutputCommitter: FileOutputCommitter skip cleanup _temporary folders under output directory:false, ignore cleanup failures: false
2023-02-28 18:11:36,965 INFO util.ProcfsBasedProcessTree: ProcfsBasedProcessTree currently is supported only on Linux.
2023-02-28 18:11:36,965 INFO mapred.Task:  Using ResourceCalculatorProcessTree : null
2023-02-28 18:11:36,965 INFO mapred.ReduceTask: Using ShuffleConsumerPlugin: org.apache.hadoop.mapreduce.task.reduce.Shuffle@679fda05
2023-02-28 18:11:36,966 WARN impl.MetricsSystemImpl: JobTracker metrics system already initialized!
2023-02-28 18:11:36,967 INFO reduce.MergeManagerImpl: MergerManager: memoryLimit=1503238528, maxSingleShuffleLimit=375809632, mergeThreshold=992137472, ioSortFactor=10, memToMemMergeOutputsThreshold=10
2023-02-28 18:11:36,967 INFO reduce.EventFetcher: attempt_local1831269919_0002_r_000000_0 Thread started: EventFetcher for fetching Map Completion Events
2023-02-28 18:11:36,968 INFO reduce.LocalFetcher: localfetcher#2 about to shuffle output of map attempt_local1831269919_0002_m_000000_0 decomp: 524 len: 528 to MEMORY
2023-02-28 18:11:36,969 INFO reduce.InMemoryMapOutput: Read 524 bytes from map-output for attempt_local1831269919_0002_m_000000_0
2023-02-28 18:11:36,969 INFO reduce.MergeManagerImpl: closeInMemoryFile -> map-output of size: 524, inMemoryMapOutputs.size() -> 1, commitMemory -> 0, usedMemory ->524
2023-02-28 18:11:36,969 INFO reduce.EventFetcher: EventFetcher is interrupted.. Returning
2023-02-28 18:11:36,969 INFO mapred.LocalJobRunner: 1 / 1 copied.
2023-02-28 18:11:36,969 INFO reduce.MergeManagerImpl: finalMerge called with 1 in-memory map-outputs and 0 on-disk map-outputs
2023-02-28 18:11:36,979 INFO mapred.Merger: Merging 1 sorted segments
2023-02-28 18:11:36,980 INFO mapred.Merger: Down to the last merge-pass, with 1 segments left of total size: 514 bytes
2023-02-28 18:11:36,990 INFO reduce.MergeManagerImpl: Merged 1 segments, 524 bytes to disk to satisfy reduce memory limit
2023-02-28 18:11:36,990 INFO reduce.MergeManagerImpl: Merging 1 files, 528 bytes from disk
2023-02-28 18:11:36,990 INFO reduce.MergeManagerImpl: Merging 0 segments, 0 bytes from memory into reduce
2023-02-28 18:11:36,990 INFO mapred.Merger: Merging 1 sorted segments
2023-02-28 18:11:36,990 INFO mapred.Merger: Down to the last merge-pass, with 1 segments left of total size: 514 bytes
2023-02-28 18:11:36,991 INFO mapred.LocalJobRunner: 1 / 1 copied.
2023-02-28 18:11:37,028 INFO mapred.Task: Task:attempt_local1831269919_0002_r_000000_0 is done. And is in the process of committing
2023-02-28 18:11:37,030 INFO mapred.LocalJobRunner: 1 / 1 copied.
2023-02-28 18:11:37,030 INFO mapred.Task: Task attempt_local1831269919_0002_r_000000_0 is allowed to commit now
2023-02-28 18:11:37,031 INFO output.FileOutputCommitter: Saved output of task 'attempt_local1831269919_0002_r_000000_0' to file:/Users/meghanareddy/project2/output
2023-02-28 18:11:37,032 INFO mapred.LocalJobRunner: reduce > reduce
2023-02-28 18:11:37,032 INFO mapred.Task: Task 'attempt_local1831269919_0002_r_000000_0' done.
2023-02-28 18:11:37,033 INFO mapred.Task: Final Counters for attempt_local1831269919_0002_r_000000_0: Counters: 24
	File System Counters
		FILE: Number of bytes read=24057
		FILE: Number of bytes written=1124973
		FILE: Number of read operations=0
		FILE: Number of large read operations=0
		FILE: Number of write operations=0
	Map-Reduce Framework
		Combine input records=0
		Combine output records=0
		Reduce input groups=12
		Reduce shuffle bytes=528
		Reduce input records=29
		Reduce output records=12
		Spilled Records=29
		Shuffled Maps =1
		Failed Shuffles=0
		Merged Map outputs=1
		GC time elapsed (ms)=0
		Total committed heap usage (bytes)=203423744
	Shuffle Errors
		BAD_ID=0
		CONNECTION=0
		IO_ERROR=0
		WRONG_LENGTH=0
		WRONG_MAP=0
		WRONG_REDUCE=0
	File Output Format Counters 
		Bytes Written=117
2023-02-28 18:11:37,034 INFO mapred.LocalJobRunner: Finishing task: attempt_local1831269919_0002_r_000000_0
2023-02-28 18:11:37,034 INFO mapred.LocalJobRunner: reduce task executor complete.
2023-02-28 18:11:37,878 INFO mapreduce.Job: Job job_local1831269919_0002 running in uber mode : false
2023-02-28 18:11:37,880 INFO mapreduce.Job:  map 100% reduce 100%
2023-02-28 18:11:37,881 INFO mapreduce.Job: Job job_local1831269919_0002 completed successfully
2023-02-28 18:11:37,893 INFO mapreduce.Job: Counters: 30
	File System Counters
		FILE: Number of bytes read=47026
		FILE: Number of bytes written=2249301
		FILE: Number of read operations=0
		FILE: Number of large read operations=0
		FILE: Number of write operations=0
	Map-Reduce Framework
		Map input records=29
		Map output records=29
		Map output bytes=464
		Map output materialized bytes=528
		Input split bytes=115
		Combine input records=0
		Combine output records=0
		Reduce input groups=12
		Reduce shuffle bytes=528
		Reduce input records=29
		Reduce output records=12
		Spilled Records=58
		Shuffled Maps =1
		Failed Shuffles=0
		Merged Map outputs=1
		GC time elapsed (ms)=3
		Total committed heap usage (bytes)=406847488
	Shuffle Errors
		BAD_ID=0
		CONNECTION=0
		IO_ERROR=0
		WRONG_LENGTH=0
		WRONG_MAP=0
		WRONG_REDUCE=0
	File Input Format Counters 
		Bytes Read=276
	File Output Format Counters 
		Bytes Written=117
